{"C:\\www\\curso-backend-avancado\\clean-node-api\\src\\presentation\\controllers\\signup.ts": {"path":"C:\\www\\curso-backend-avancado\\clean-node-api\\src\\presentation\\controllers\\signup.ts","statementMap":{"0":{"start":{"line":2,"column":0},"end":{"line":2,"column":null}},"1":{"start":{"line":6,"column":0},"end":{"line":6,"column":64}},"2":{"start":{"line":14,"column":4},"end":{"line":14,"column":null}},"3":{"start":{"line":18,"column":4},"end":{"line":39,"column":5}},"4":{"start":{"line":19,"column":29},"end":{"line":19,"column":82}},"5":{"start":{"line":21,"column":6},"end":{"line":25,"column":7}},"6":{"start":{"line":22,"column":8},"end":{"line":24,"column":9}},"7":{"start":{"line":23,"column":10},"end":{"line":23,"column":null}},"8":{"start":{"line":27,"column":22},"end":{"line":27,"column":73}},"9":{"start":{"line":29,"column":6},"end":{"line":31,"column":7}},"10":{"start":{"line":30,"column":8},"end":{"line":30,"column":null}},"11":{"start":{"line":33,"column":6},"end":{"line":36,"column":null}},"12":{"start":{"line":38,"column":6},"end":{"line":38,"column":null}},"13":{"start":{"line":10,"column":0},"end":{"line":10,"column":13}}},"fnMap":{"0":{"name":"(anonymous_0)","decl":{"start":{"line":13,"column":2},"end":{"line":13,"column":15}},"loc":{"start":{"line":13,"column":45},"end":{"line":15,"column":3}}},"1":{"name":"(anonymous_1)","decl":{"start":{"line":17,"column":2},"end":{"line":17,"column":8}},"loc":{"start":{"line":17,"column":34},"end":{"line":40,"column":3}}}},"branchMap":{"0":{"loc":{"start":{"line":22,"column":8},"end":{"line":24,"column":9}},"type":"if","locations":[{"start":{"line":22,"column":8},"end":{"line":24,"column":9}}]},"1":{"loc":{"start":{"line":29,"column":6},"end":{"line":31,"column":7}},"type":"if","locations":[{"start":{"line":29,"column":6},"end":{"line":31,"column":7}}]}},"s":{"0":1,"1":1,"2":7,"3":7,"4":7,"5":7,"6":22,"7":4,"8":3,"9":2,"10":1,"11":1,"12":1,"13":1},"f":{"0":7,"1":7},"b":{"0":[4],"1":[1]}}
,"C:\\www\\curso-backend-avancado\\clean-node-api\\src\\presentation\\errors\\index.ts": {"path":"C:\\www\\curso-backend-avancado\\clean-node-api\\src\\presentation\\errors\\index.ts","statementMap":{"0":{"start":{"line":1,"column":0},"end":{"line":1,"column":37}},"1":{"start":{"line":2,"column":0},"end":{"line":2,"column":37}},"2":{"start":{"line":3,"column":0},"end":{"line":3,"column":30}}},"fnMap":{},"branchMap":{},"s":{"0":1,"1":1,"2":1},"f":{},"b":{}}
}
