TN:
SF:src\presentation\controllers\signup.ts
FN:8,(anonymous_0)
FN:12,(anonymous_1)
FNF:2
FNH:2
FNDA:7,(anonymous_0)
FNDA:7,(anonymous_1)
DA:2,1
DA:3,1
DA:5,1
DA:9,7
DA:13,7
DA:14,7
DA:16,7
DA:17,22
DA:18,4
DA:22,3
DA:24,2
DA:25,1
DA:28,1
DA:33,1
LF:14
LH:14
BRDA:17,0,0,4
BRDA:24,1,0,1
BRF:2
BRH:2
end_of_record
TN:
SF:src\presentation\errors\index.ts
FNF:0
FNH:0
DA:1,1
DA:2,1
DA:3,1
LF:3
LH:3
BRF:0
BRH:0
end_of_record
TN:
SF:src\presentation\protocols\index.ts
FNF:0
FNH:0
DA:1,0
DA:2,0
DA:3,0
LF:3
LH:0
BRF:0
BRH:0
end_of_record
