TN:
SF:src\presentation\controllers\signup.ts
FN:13,(anonymous_0)
FN:17,(anonymous_1)
FNF:2
FNH:2
FNDA:8,(anonymous_0)
FNDA:8,(anonymous_1)
DA:7,1
DA:8,1
DA:10,1
DA:14,8
DA:18,8
DA:19,8
DA:26,8
DA:27,26
DA:28,4
DA:32,4
DA:33,1
DA:36,3
DA:38,2
DA:39,1
DA:42,1
DA:47,1
LF:16
LH:16
BRDA:27,0,0,4
BRDA:32,1,0,1
BRDA:38,2,0,1
BRF:3
BRH:3
end_of_record
TN:
SF:src\presentation\errors\index.ts
FNF:0
FNH:0
DA:1,1
DA:2,1
DA:3,1
LF:3
LH:3
BRF:0
BRH:0
end_of_record
TN:
SF:src\presentation\protocols\index.ts
FNF:0
FNH:0
DA:1,0
DA:2,0
DA:3,0
LF:3
LH:0
BRF:0
BRH:0
end_of_record
